2025-03-19 21:23:06.5994 INFO Init app 
2025-03-19 21:23:06.9652 ERROR Stopped program because of exception Microsoft.Extensions.Hosting.HostAbortedException: The host was aborted.
   at Microsoft.Extensions.Hosting.HostFactoryResolver.HostingListener.ThrowHostAborted()
   at Microsoft.Extensions.Hosting.HostFactoryResolver.HostingListener.OnNext(KeyValuePair`2 value)
   at System.Diagnostics.DiagnosticListener.Write(String name, Object value)
   at System.Diagnostics.DiagnosticSource.Write[T](String name, T value)
   at Microsoft.Extensions.Hosting.HostBuilder.ResolveHost(IServiceProvider serviceProvider, DiagnosticListener diagnosticListener)
   at Microsoft.Extensions.Hosting.HostApplicationBuilder.Build()
   at Microsoft.AspNetCore.Builder.WebApplicationBuilder.Build()
   at Program.Main(String[] args) in C:\Git\base\GigaHouse.TaskList\Program.cs:line 115
2025-03-19 21:25:18.3907 INFO Init app 
2025-03-19 21:25:18.5842 ERROR Stopped program because of exception Microsoft.Extensions.Hosting.HostAbortedException: The host was aborted.
   at Microsoft.Extensions.Hosting.HostFactoryResolver.HostingListener.ThrowHostAborted()
   at Microsoft.Extensions.Hosting.HostFactoryResolver.HostingListener.OnNext(KeyValuePair`2 value)
   at System.Diagnostics.DiagnosticListener.Write(String name, Object value)
   at System.Diagnostics.DiagnosticSource.Write[T](String name, T value)
   at Microsoft.Extensions.Hosting.HostBuilder.ResolveHost(IServiceProvider serviceProvider, DiagnosticListener diagnosticListener)
   at Microsoft.Extensions.Hosting.HostApplicationBuilder.Build()
   at Microsoft.AspNetCore.Builder.WebApplicationBuilder.Build()
   at Program.Main(String[] args) in C:\Git\base\GigaHouse.TaskList\Program.cs:line 115
2025-03-19 21:26:15.6291 INFO Init app 
2025-03-19 21:26:29.3843 DEBUG An 'IServiceProvider' was created for internal use by Entity Framework. 
2025-03-19 21:26:31.9691 WARN The foreign key property 'Task.ProjectId1' was created in shadow state because a conflicting property with the simple name 'ProjectId' exists in the entity type, but is either not mapped, is already used for another relationship, or is incompatible with the associated primary key type. See https://aka.ms/efcore-relationships for information on mapping relationships in EF Core. 
2025-03-19 21:26:32.0377 DEBUG Entity Framework Core 9.0.3 initialized 'AppDbContext' using provider 'Npgsql.EntityFrameworkCore.PostgreSQL:9.0.4+fd2380957bee5cd86f336466af36b08c0163f1a5' with options: None 
2025-03-19 21:26:32.0557 DEBUG Creating DbConnection. 
2025-03-19 21:26:32.1000 DEBUG Created DbConnection. (42ms). 
2025-03-19 21:26:32.1000 DEBUG Opening connection to database 'gigahouse' on server 'tcp://localhost:5432'. 
2025-03-19 21:26:36.2326 ERROR An error occurred using the connection to database 'gigahouse' on server 'tcp://localhost:5432'. 
2025-03-19 21:45:26.3880 INFO Init app 
2025-03-19 21:46:02.1083 DEBUG An 'IServiceProvider' was created for internal use by Entity Framework. 
2025-03-19 21:46:05.0265 WARN The foreign key property 'Task.ProjectId1' was created in shadow state because a conflicting property with the simple name 'ProjectId' exists in the entity type, but is either not mapped, is already used for another relationship, or is incompatible with the associated primary key type. See https://aka.ms/efcore-relationships for information on mapping relationships in EF Core. 
2025-03-19 21:46:05.1005 DEBUG Entity Framework Core 9.0.3 initialized 'AppDbContext' using provider 'Npgsql.EntityFrameworkCore.PostgreSQL:9.0.4+fd2380957bee5cd86f336466af36b08c0163f1a5' with options: None 
2025-03-19 21:46:05.1189 DEBUG Creating DbConnection. 
2025-03-19 21:46:05.1687 DEBUG Created DbConnection. (46ms). 
2025-03-19 21:46:05.1758 DEBUG Opening connection to database 'gigahouse' on server 'tcp://localhost:5432'. 
2025-03-19 21:46:05.2848 DEBUG Opened connection to database 'gigahouse' on server 'tcp://localhost:5432'. 
2025-03-19 21:46:05.2848 DEBUG Creating DbCommand for 'ExecuteReader'. 
2025-03-19 21:46:05.2996 DEBUG Created DbCommand for 'ExecuteReader' (5ms). 
2025-03-19 21:46:05.2996 DEBUG Initialized DbCommand for 'ExecuteReader' (8ms). 
2025-03-19 21:46:05.2996 DEBUG Executing DbCommand [Parameters=[], CommandType='Text', CommandTimeout='30']
SELECT "MigrationId", "ProductVersion"
FROM "__EFMigrationsHistory"
ORDER BY "MigrationId"; 
2025-03-19 21:46:05.3336 ERROR Failed executing DbCommand (26ms) [Parameters=[], CommandType='Text', CommandTimeout='30']
SELECT "MigrationId", "ProductVersion"
FROM "__EFMigrationsHistory"
ORDER BY "MigrationId"; 
2025-03-19 21:46:05.3336 DEBUG Closing connection to database 'gigahouse' on server 'tcp://localhost:5432'. 
2025-03-19 21:46:05.3336 DEBUG Closed connection to database 'gigahouse' on server 'tcp://localhost:5432' (3ms). 
2025-03-19 21:46:05.4447 DEBUG Migrating using database 'gigahouse' on server 'tcp://localhost:5432'. 
2025-03-19 21:46:05.4447 DEBUG Opening connection to database 'gigahouse' on server 'tcp://localhost:5432'. 
2025-03-19 21:46:05.4447 DEBUG Opening connection to database 'gigahouse' on server 'tcp://localhost:5432'. 
2025-03-19 21:46:05.4670 DEBUG Opened connection to database 'gigahouse' on server 'tcp://localhost:5432'. 
2025-03-19 21:46:05.4670 DEBUG Closing connection to database 'gigahouse' on server 'tcp://localhost:5432'. 
2025-03-19 21:46:05.4720 DEBUG Closed connection to database 'gigahouse' on server 'tcp://localhost:5432' (4ms). 
2025-03-19 21:46:05.4720 DEBUG Opening connection to database 'gigahouse' on server 'tcp://localhost:5432'. 
2025-03-19 21:46:05.4720 DEBUG Opened connection to database 'gigahouse' on server 'tcp://localhost:5432'. 
2025-03-19 21:46:05.5119 DEBUG Creating DbCommand for 'ExecuteNonQuery'. 
2025-03-19 21:46:05.5119 DEBUG Created DbCommand for 'ExecuteNonQuery' (0ms). 
2025-03-19 21:46:05.5119 DEBUG Initialized DbCommand for 'ExecuteNonQuery' (1ms). 
2025-03-19 21:46:05.5119 DEBUG Executing DbCommand [Parameters=[], CommandType='Text', CommandTimeout='30']
CREATE TABLE IF NOT EXISTS "__EFMigrationsHistory" (
    "MigrationId" character varying(150) NOT NULL,
    "ProductVersion" character varying(32) NOT NULL,
    CONSTRAINT "PK___EFMigrationsHistory" PRIMARY KEY ("MigrationId")
); 
2025-03-19 21:46:05.5543 INFO Executed DbCommand (40ms) [Parameters=[], CommandType='Text', CommandTimeout='30']
CREATE TABLE IF NOT EXISTS "__EFMigrationsHistory" (
    "MigrationId" character varying(150) NOT NULL,
    "ProductVersion" character varying(32) NOT NULL,
    CONSTRAINT "PK___EFMigrationsHistory" PRIMARY KEY ("MigrationId")
); 
2025-03-19 21:46:05.5543 DEBUG Beginning transaction with isolation level 'Unspecified'. 
2025-03-19 21:46:05.5543 DEBUG Began transaction with isolation level 'ReadCommitted'. 
2025-03-19 21:46:05.5650 INFO Acquiring an exclusive lock for migration application. See https://aka.ms/efcore-docs-migrations-lock for more information if this takes too long. 
2025-03-19 21:46:05.5650 DEBUG Creating DbCommand for 'ExecuteNonQuery'. 
2025-03-19 21:46:05.5650 DEBUG Created DbCommand for 'ExecuteNonQuery' (0ms). 
2025-03-19 21:46:05.5650 DEBUG Initialized DbCommand for 'ExecuteNonQuery' (1ms). 
2025-03-19 21:46:05.5650 DEBUG Executing DbCommand [Parameters=[], CommandType='Text', CommandTimeout='30']
LOCK TABLE "__EFMigrationsHistory" IN ACCESS EXCLUSIVE MODE 
2025-03-19 21:46:05.5650 INFO Executed DbCommand (4ms) [Parameters=[], CommandType='Text', CommandTimeout='30']
LOCK TABLE "__EFMigrationsHistory" IN ACCESS EXCLUSIVE MODE 
2025-03-19 21:46:05.5650 DEBUG Creating DbCommand for 'ExecuteReader'. 
2025-03-19 21:46:05.5650 DEBUG Created DbCommand for 'ExecuteReader' (0ms). 
2025-03-19 21:46:05.5650 DEBUG Initialized DbCommand for 'ExecuteReader' (1ms). 
2025-03-19 21:46:05.5650 DEBUG Executing DbCommand [Parameters=[], CommandType='Text', CommandTimeout='30']
SELECT "MigrationId", "ProductVersion"
FROM "__EFMigrationsHistory"
ORDER BY "MigrationId"; 
2025-03-19 21:46:05.5650 INFO Executed DbCommand (3ms) [Parameters=[], CommandType='Text', CommandTimeout='30']
SELECT "MigrationId", "ProductVersion"
FROM "__EFMigrationsHistory"
ORDER BY "MigrationId"; 
2025-03-19 21:46:05.5822 DEBUG Closing data reader to 'gigahouse' on server 'tcp://localhost:5432'. 
2025-03-19 21:46:05.5822 DEBUG A data reader for 'gigahouse' on server 'tcp://localhost:5432' is being disposed after spending 5ms reading results. 
2025-03-19 21:46:05.5822 INFO Applying migration '20250320002519_InitialCreate'. 
2025-03-19 21:46:05.6696 DEBUG Creating DbCommand for 'ExecuteNonQuery'. 
2025-03-19 21:46:05.6696 DEBUG Created DbCommand for 'ExecuteNonQuery' (0ms). 
2025-03-19 21:46:05.6696 DEBUG Initialized DbCommand for 'ExecuteNonQuery' (1ms). 
2025-03-19 21:46:05.6696 DEBUG Executing DbCommand [Parameters=[], CommandType='Text', CommandTimeout='30']
CREATE TABLE "Products" (
    "Id" uuid NOT NULL,
    "Gtin" character varying(50) NOT NULL,
    "Name" character varying(255) NOT NULL,
    "ShortDescription" character varying(500) NOT NULL,
    "FullDescription" TEXT NOT NULL,
    "CreatedAt" timestamp with time zone NOT NULL,
    "UpdatedAt" timestamp with time zone,
    CONSTRAINT "PK_Products" PRIMARY KEY ("Id")
); 
2025-03-19 21:46:05.6904 INFO Executed DbCommand (18ms) [Parameters=[], CommandType='Text', CommandTimeout='30']
CREATE TABLE "Products" (
    "Id" uuid NOT NULL,
    "Gtin" character varying(50) NOT NULL,
    "Name" character varying(255) NOT NULL,
    "ShortDescription" character varying(500) NOT NULL,
    "FullDescription" TEXT NOT NULL,
    "CreatedAt" timestamp with time zone NOT NULL,
    "UpdatedAt" timestamp with time zone,
    CONSTRAINT "PK_Products" PRIMARY KEY ("Id")
); 
2025-03-19 21:46:05.6904 DEBUG Creating DbCommand for 'ExecuteNonQuery'. 
2025-03-19 21:46:05.6904 DEBUG Created DbCommand for 'ExecuteNonQuery' (0ms). 
2025-03-19 21:46:05.6904 DEBUG Initialized DbCommand for 'ExecuteNonQuery' (1ms). 
2025-03-19 21:46:05.6904 DEBUG Executing DbCommand [Parameters=[], CommandType='Text', CommandTimeout='30']
CREATE TABLE "Projects" (
    "Id" uuid NOT NULL,
    "Name" character varying(255) NOT NULL,
    "Link" character varying(500),
    "Status" integer NOT NULL,
    "CreatedAt" timestamp with time zone NOT NULL,
    "UpdatedAt" timestamp with time zone,
    CONSTRAINT "PK_Projects" PRIMARY KEY ("Id")
); 
2025-03-19 21:46:05.7130 INFO Executed DbCommand (20ms) [Parameters=[], CommandType='Text', CommandTimeout='30']
CREATE TABLE "Projects" (
    "Id" uuid NOT NULL,
    "Name" character varying(255) NOT NULL,
    "Link" character varying(500),
    "Status" integer NOT NULL,
    "CreatedAt" timestamp with time zone NOT NULL,
    "UpdatedAt" timestamp with time zone,
    CONSTRAINT "PK_Projects" PRIMARY KEY ("Id")
); 
2025-03-19 21:46:05.7130 DEBUG Creating DbCommand for 'ExecuteNonQuery'. 
2025-03-19 21:46:05.7130 DEBUG Created DbCommand for 'ExecuteNonQuery' (0ms). 
2025-03-19 21:46:05.7130 DEBUG Initialized DbCommand for 'ExecuteNonQuery' (1ms). 
2025-03-19 21:46:05.7130 DEBUG Executing DbCommand [Parameters=[], CommandType='Text', CommandTimeout='30']
CREATE TABLE "Users" (
    "Id" uuid NOT NULL,
    "Username" character varying(100) NOT NULL,
    "Email" character varying(255) NOT NULL,
    "Phone" character varying(20) NOT NULL,
    "Password" character varying(255) NOT NULL,
    "Status" integer NOT NULL,
    "CreatedAt" timestamp with time zone NOT NULL DEFAULT (NOW()),
    "UpdatedAt" timestamp with time zone,
    CONSTRAINT "PK_Users" PRIMARY KEY ("Id")
); 
2025-03-19 21:46:05.7332 INFO Executed DbCommand (17ms) [Parameters=[], CommandType='Text', CommandTimeout='30']
CREATE TABLE "Users" (
    "Id" uuid NOT NULL,
    "Username" character varying(100) NOT NULL,
    "Email" character varying(255) NOT NULL,
    "Phone" character varying(20) NOT NULL,
    "Password" character varying(255) NOT NULL,
    "Status" integer NOT NULL,
    "CreatedAt" timestamp with time zone NOT NULL DEFAULT (NOW()),
    "UpdatedAt" timestamp with time zone,
    CONSTRAINT "PK_Users" PRIMARY KEY ("Id")
); 
2025-03-19 21:46:05.7332 DEBUG Creating DbCommand for 'ExecuteNonQuery'. 
2025-03-19 21:46:05.7332 DEBUG Created DbCommand for 'ExecuteNonQuery' (0ms). 
2025-03-19 21:46:05.7332 DEBUG Initialized DbCommand for 'ExecuteNonQuery' (1ms). 
2025-03-19 21:46:05.7332 DEBUG Executing DbCommand [Parameters=[], CommandType='Text', CommandTimeout='30']
CREATE TABLE "ProductMedias" (
    "Id" uuid NOT NULL,
    "Link" character varying(500) NOT NULL,
    "Type" character varying(50) NOT NULL,
    "ProductId" uuid NOT NULL,
    "CreatedAt" timestamp with time zone NOT NULL,
    "UpdatedAt" timestamp with time zone,
    CONSTRAINT "PK_ProductMedias" PRIMARY KEY ("Id"),
    CONSTRAINT "FK_ProductMedias_Products_ProductId" FOREIGN KEY ("ProductId") REFERENCES "Products" ("Id") ON DELETE CASCADE
); 
2025-03-19 21:46:05.7559 INFO Executed DbCommand (20ms) [Parameters=[], CommandType='Text', CommandTimeout='30']
CREATE TABLE "ProductMedias" (
    "Id" uuid NOT NULL,
    "Link" character varying(500) NOT NULL,
    "Type" character varying(50) NOT NULL,
    "ProductId" uuid NOT NULL,
    "CreatedAt" timestamp with time zone NOT NULL,
    "UpdatedAt" timestamp with time zone,
    CONSTRAINT "PK_ProductMedias" PRIMARY KEY ("Id"),
    CONSTRAINT "FK_ProductMedias_Products_ProductId" FOREIGN KEY ("ProductId") REFERENCES "Products" ("Id") ON DELETE CASCADE
); 
2025-03-19 21:46:05.7559 DEBUG Creating DbCommand for 'ExecuteNonQuery'. 
2025-03-19 21:46:05.7559 DEBUG Created DbCommand for 'ExecuteNonQuery' (0ms). 
2025-03-19 21:46:05.7559 DEBUG Initialized DbCommand for 'ExecuteNonQuery' (1ms). 
2025-03-19 21:46:05.7559 DEBUG Executing DbCommand [Parameters=[], CommandType='Text', CommandTimeout='30']
CREATE TABLE "ProjectProducts" (
    "Id" uuid NOT NULL,
    "MetaKeywords" character varying(500) NOT NULL,
    "MetaTitle" character varying(255) NOT NULL,
    "MetaDescription" TEXT NOT NULL,
    "ProjectId" uuid NOT NULL,
    "ProductId" uuid NOT NULL,
    "CreatedAt" timestamp with time zone NOT NULL,
    "UpdatedAt" timestamp with time zone,
    CONSTRAINT "PK_ProjectProducts" PRIMARY KEY ("Id"),
    CONSTRAINT "FK_ProjectProducts_Products_ProductId" FOREIGN KEY ("ProductId") REFERENCES "Products" ("Id") ON DELETE CASCADE,
    CONSTRAINT "FK_ProjectProducts_Projects_ProjectId" FOREIGN KEY ("ProjectId") REFERENCES "Projects" ("Id") ON DELETE CASCADE
); 
2025-03-19 21:46:05.7735 INFO Executed DbCommand (15ms) [Parameters=[], CommandType='Text', CommandTimeout='30']
CREATE TABLE "ProjectProducts" (
    "Id" uuid NOT NULL,
    "MetaKeywords" character varying(500) NOT NULL,
    "MetaTitle" character varying(255) NOT NULL,
    "MetaDescription" TEXT NOT NULL,
    "ProjectId" uuid NOT NULL,
    "ProductId" uuid NOT NULL,
    "CreatedAt" timestamp with time zone NOT NULL,
    "UpdatedAt" timestamp with time zone,
    CONSTRAINT "PK_ProjectProducts" PRIMARY KEY ("Id"),
    CONSTRAINT "FK_ProjectProducts_Products_ProductId" FOREIGN KEY ("ProductId") REFERENCES "Products" ("Id") ON DELETE CASCADE,
    CONSTRAINT "FK_ProjectProducts_Projects_ProjectId" FOREIGN KEY ("ProjectId") REFERENCES "Projects" ("Id") ON DELETE CASCADE
); 
2025-03-19 21:46:05.7735 DEBUG Creating DbCommand for 'ExecuteNonQuery'. 
2025-03-19 21:46:05.7735 DEBUG Created DbCommand for 'ExecuteNonQuery' (0ms). 
2025-03-19 21:46:05.7735 DEBUG Initialized DbCommand for 'ExecuteNonQuery' (1ms). 
2025-03-19 21:46:05.7735 DEBUG Executing DbCommand [Parameters=[], CommandType='Text', CommandTimeout='30']
CREATE TABLE "TaskCssSelectors" (
    "Id" uuid NOT NULL,
    "ProductPrice" character varying(255) NOT NULL,
    "Installments" character varying(255) NOT NULL,
    "ShippingPrice" character varying(255) NOT NULL,
    "Vendor" character varying(255) NOT NULL,
    "VendorUnits" character varying(255) NOT NULL,
    "Rating" character varying(100) NOT NULL,
    "RatingCount" character varying(100) NOT NULL,
    "Thermometer" character varying(100) NOT NULL,
    "Announcement" character varying(255) NOT NULL,
    "Coupon" character varying(255) NOT NULL,
    "FreeShipping" character varying(100) NOT NULL,
    "IsFull" character varying(100) NOT NULL,
    "BreadCrumb" character varying(255) NOT NULL,
    "ProjectId" uuid NOT NULL,
    "CreatedAt" timestamp with time zone NOT NULL,
    "UpdatedAt" timestamp with time zone,
    CONSTRAINT "PK_TaskCssSelectors" PRIMARY KEY ("Id"),
    CONSTRAINT "FK_TaskCssSelectors_Projects_ProjectId" FOREIGN KEY ("ProjectId") REFERENCES "Projects" ("Id") ON DELETE CASCADE
); 
2025-03-19 21:46:05.7956 INFO Executed DbCommand (19ms) [Parameters=[], CommandType='Text', CommandTimeout='30']
CREATE TABLE "TaskCssSelectors" (
    "Id" uuid NOT NULL,
    "ProductPrice" character varying(255) NOT NULL,
    "Installments" character varying(255) NOT NULL,
    "ShippingPrice" character varying(255) NOT NULL,
    "Vendor" character varying(255) NOT NULL,
    "VendorUnits" character varying(255) NOT NULL,
    "Rating" character varying(100) NOT NULL,
    "RatingCount" character varying(100) NOT NULL,
    "Thermometer" character varying(100) NOT NULL,
    "Announcement" character varying(255) NOT NULL,
    "Coupon" character varying(255) NOT NULL,
    "FreeShipping" character varying(100) NOT NULL,
    "IsFull" character varying(100) NOT NULL,
    "BreadCrumb" character varying(255) NOT NULL,
    "ProjectId" uuid NOT NULL,
    "CreatedAt" timestamp with time zone NOT NULL,
    "UpdatedAt" timestamp with time zone,
    CONSTRAINT "PK_TaskCssSelectors" PRIMARY KEY ("Id"),
    CONSTRAINT "FK_TaskCssSelectors_Projects_ProjectId" FOREIGN KEY ("ProjectId") REFERENCES "Projects" ("Id") ON DELETE CASCADE
); 
2025-03-19 21:46:05.7956 DEBUG Creating DbCommand for 'ExecuteNonQuery'. 
2025-03-19 21:46:05.7956 DEBUG Created DbCommand for 'ExecuteNonQuery' (0ms). 
2025-03-19 21:46:05.7956 DEBUG Initialized DbCommand for 'ExecuteNonQuery' (1ms). 
2025-03-19 21:46:05.7956 DEBUG Executing DbCommand [Parameters=[], CommandType='Text', CommandTimeout='30']
CREATE TABLE "TaskHistories" (
    "Id" uuid NOT NULL,
    "ProductPrice" numeric(18,2),
    "Installments" integer,
    "InstallmentPrice" numeric(18,2),
    "ShippingPrice" numeric(18,2),
    "Vendor" character varying(255),
    "VendorUnits" integer,
    "Rating" double precision,
    "RatingCount" character varying(100),
    "Thermometer" character varying(100),
    "Announcement" character varying(255),
    "Coupon" character varying(255),
    "IsFreeShipping" boolean,
    "IsFull" boolean,
    "BreadCrumb" character varying(4096),
    "ProjectId" uuid NOT NULL,
    "CreatedAt" timestamp with time zone NOT NULL,
    "UpdatedAt" timestamp with time zone,
    CONSTRAINT "PK_TaskHistories" PRIMARY KEY ("Id"),
    CONSTRAINT "FK_TaskHistories_Projects_ProjectId" FOREIGN KEY ("ProjectId") REFERENCES "Projects" ("Id") ON DELETE CASCADE
); 
2025-03-19 21:46:05.8170 INFO Executed DbCommand (19ms) [Parameters=[], CommandType='Text', CommandTimeout='30']
CREATE TABLE "TaskHistories" (
    "Id" uuid NOT NULL,
    "ProductPrice" numeric(18,2),
    "Installments" integer,
    "InstallmentPrice" numeric(18,2),
    "ShippingPrice" numeric(18,2),
    "Vendor" character varying(255),
    "VendorUnits" integer,
    "Rating" double precision,
    "RatingCount" character varying(100),
    "Thermometer" character varying(100),
    "Announcement" character varying(255),
    "Coupon" character varying(255),
    "IsFreeShipping" boolean,
    "IsFull" boolean,
    "BreadCrumb" character varying(4096),
    "ProjectId" uuid NOT NULL,
    "CreatedAt" timestamp with time zone NOT NULL,
    "UpdatedAt" timestamp with time zone,
    CONSTRAINT "PK_TaskHistories" PRIMARY KEY ("Id"),
    CONSTRAINT "FK_TaskHistories_Projects_ProjectId" FOREIGN KEY ("ProjectId") REFERENCES "Projects" ("Id") ON DELETE CASCADE
); 
2025-03-19 21:46:05.8170 DEBUG Creating DbCommand for 'ExecuteNonQuery'. 
2025-03-19 21:46:05.8170 DEBUG Created DbCommand for 'ExecuteNonQuery' (0ms). 
2025-03-19 21:46:05.8170 DEBUG Initialized DbCommand for 'ExecuteNonQuery' (1ms). 
2025-03-19 21:46:05.8170 DEBUG Executing DbCommand [Parameters=[], CommandType='Text', CommandTimeout='30']
CREATE TABLE "Tasks" (
    "Id" uuid NOT NULL,
    "Link" character varying(500) NOT NULL,
    "Status" integer NOT NULL,
    "LastDateSearch" timestamp with time zone NOT NULL,
    "WorkerId" uuid,
    "ProjectId" uuid NOT NULL,
    "ProductId" uuid NOT NULL,
    "TaskCssSelectorId" uuid NOT NULL,
    "ProjectId1" uuid,
    "CreatedAt" timestamp with time zone NOT NULL,
    "UpdatedAt" timestamp with time zone,
    CONSTRAINT "PK_Tasks" PRIMARY KEY ("Id"),
    CONSTRAINT "FK_Tasks_Products_ProductId" FOREIGN KEY ("ProductId") REFERENCES "Products" ("Id") ON DELETE CASCADE,
    CONSTRAINT "FK_Tasks_Projects_ProjectId" FOREIGN KEY ("ProjectId") REFERENCES "Projects" ("Id") ON DELETE CASCADE,
    CONSTRAINT "FK_Tasks_Projects_ProjectId1" FOREIGN KEY ("ProjectId1") REFERENCES "Projects" ("Id"),
    CONSTRAINT "FK_Tasks_TaskCssSelectors_TaskCssSelectorId" FOREIGN KEY ("TaskCssSelectorId") REFERENCES "TaskCssSelectors" ("Id") ON DELETE CASCADE
); 
2025-03-19 21:46:05.8422 INFO Executed DbCommand (23ms) [Parameters=[], CommandType='Text', CommandTimeout='30']
CREATE TABLE "Tasks" (
    "Id" uuid NOT NULL,
    "Link" character varying(500) NOT NULL,
    "Status" integer NOT NULL,
    "LastDateSearch" timestamp with time zone NOT NULL,
    "WorkerId" uuid,
    "ProjectId" uuid NOT NULL,
    "ProductId" uuid NOT NULL,
    "TaskCssSelectorId" uuid NOT NULL,
    "ProjectId1" uuid,
    "CreatedAt" timestamp with time zone NOT NULL,
    "UpdatedAt" timestamp with time zone,
    CONSTRAINT "PK_Tasks" PRIMARY KEY ("Id"),
    CONSTRAINT "FK_Tasks_Products_ProductId" FOREIGN KEY ("ProductId") REFERENCES "Products" ("Id") ON DELETE CASCADE,
    CONSTRAINT "FK_Tasks_Projects_ProjectId" FOREIGN KEY ("ProjectId") REFERENCES "Projects" ("Id") ON DELETE CASCADE,
    CONSTRAINT "FK_Tasks_Projects_ProjectId1" FOREIGN KEY ("ProjectId1") REFERENCES "Projects" ("Id"),
    CONSTRAINT "FK_Tasks_TaskCssSelectors_TaskCssSelectorId" FOREIGN KEY ("TaskCssSelectorId") REFERENCES "TaskCssSelectors" ("Id") ON DELETE CASCADE
); 
2025-03-19 21:46:05.8422 DEBUG Creating DbCommand for 'ExecuteNonQuery'. 
2025-03-19 21:46:05.8422 DEBUG Created DbCommand for 'ExecuteNonQuery' (0ms). 
2025-03-19 21:46:05.8422 DEBUG Initialized DbCommand for 'ExecuteNonQuery' (1ms). 
2025-03-19 21:46:05.8422 DEBUG Executing DbCommand [Parameters=[], CommandType='Text', CommandTimeout='30']
CREATE TABLE "UserProducts" (
    "Id" uuid NOT NULL,
    "UserId" uuid NOT NULL,
    "TaskId" uuid NOT NULL,
    "CreatedAt" timestamp with time zone NOT NULL,
    "UpdatedAt" timestamp with time zone,
    CONSTRAINT "PK_UserProducts" PRIMARY KEY ("Id"),
    CONSTRAINT "FK_UserProducts_Tasks_TaskId" FOREIGN KEY ("TaskId") REFERENCES "Tasks" ("Id") ON DELETE CASCADE,
    CONSTRAINT "FK_UserProducts_Users_UserId" FOREIGN KEY ("UserId") REFERENCES "Users" ("Id") ON DELETE CASCADE
); 
2025-03-19 21:46:05.8573 INFO Executed DbCommand (12ms) [Parameters=[], CommandType='Text', CommandTimeout='30']
CREATE TABLE "UserProducts" (
    "Id" uuid NOT NULL,
    "UserId" uuid NOT NULL,
    "TaskId" uuid NOT NULL,
    "CreatedAt" timestamp with time zone NOT NULL,
    "UpdatedAt" timestamp with time zone,
    CONSTRAINT "PK_UserProducts" PRIMARY KEY ("Id"),
    CONSTRAINT "FK_UserProducts_Tasks_TaskId" FOREIGN KEY ("TaskId") REFERENCES "Tasks" ("Id") ON DELETE CASCADE,
    CONSTRAINT "FK_UserProducts_Users_UserId" FOREIGN KEY ("UserId") REFERENCES "Users" ("Id") ON DELETE CASCADE
); 
2025-03-19 21:46:05.8573 DEBUG Creating DbCommand for 'ExecuteNonQuery'. 
2025-03-19 21:46:05.8573 DEBUG Created DbCommand for 'ExecuteNonQuery' (0ms). 
2025-03-19 21:46:05.8573 DEBUG Initialized DbCommand for 'ExecuteNonQuery' (1ms). 
2025-03-19 21:46:05.8573 DEBUG Executing DbCommand [Parameters=[], CommandType='Text', CommandTimeout='30']
CREATE INDEX "IX_ProductMedias_ProductId" ON "ProductMedias" ("ProductId"); 
2025-03-19 21:46:05.8702 INFO Executed DbCommand (10ms) [Parameters=[], CommandType='Text', CommandTimeout='30']
CREATE INDEX "IX_ProductMedias_ProductId" ON "ProductMedias" ("ProductId"); 
2025-03-19 21:46:05.8702 DEBUG Creating DbCommand for 'ExecuteNonQuery'. 
2025-03-19 21:46:05.8702 DEBUG Created DbCommand for 'ExecuteNonQuery' (0ms). 
2025-03-19 21:46:05.8702 DEBUG Initialized DbCommand for 'ExecuteNonQuery' (1ms). 
2025-03-19 21:46:05.8702 DEBUG Executing DbCommand [Parameters=[], CommandType='Text', CommandTimeout='30']
CREATE UNIQUE INDEX "IX_Products_Gtin" ON "Products" ("Gtin"); 
2025-03-19 21:46:05.8809 INFO Executed DbCommand (8ms) [Parameters=[], CommandType='Text', CommandTimeout='30']
CREATE UNIQUE INDEX "IX_Products_Gtin" ON "Products" ("Gtin"); 
2025-03-19 21:46:05.8809 DEBUG Creating DbCommand for 'ExecuteNonQuery'. 
2025-03-19 21:46:05.8809 DEBUG Created DbCommand for 'ExecuteNonQuery' (0ms). 
2025-03-19 21:46:05.8809 DEBUG Initialized DbCommand for 'ExecuteNonQuery' (1ms). 
2025-03-19 21:46:05.8809 DEBUG Executing DbCommand [Parameters=[], CommandType='Text', CommandTimeout='30']
CREATE INDEX "IX_ProjectProducts_ProductId" ON "ProjectProducts" ("ProductId"); 
2025-03-19 21:46:05.8809 INFO Executed DbCommand (8ms) [Parameters=[], CommandType='Text', CommandTimeout='30']
CREATE INDEX "IX_ProjectProducts_ProductId" ON "ProjectProducts" ("ProductId"); 
2025-03-19 21:46:05.8933 DEBUG Creating DbCommand for 'ExecuteNonQuery'. 
2025-03-19 21:46:05.8933 DEBUG Created DbCommand for 'ExecuteNonQuery' (0ms). 
2025-03-19 21:46:05.8933 DEBUG Initialized DbCommand for 'ExecuteNonQuery' (1ms). 
2025-03-19 21:46:05.8933 DEBUG Executing DbCommand [Parameters=[], CommandType='Text', CommandTimeout='30']
CREATE INDEX "IX_ProjectProducts_ProjectId" ON "ProjectProducts" ("ProjectId"); 
2025-03-19 21:46:05.8933 INFO Executed DbCommand (8ms) [Parameters=[], CommandType='Text', CommandTimeout='30']
CREATE INDEX "IX_ProjectProducts_ProjectId" ON "ProjectProducts" ("ProjectId"); 
2025-03-19 21:46:05.8933 DEBUG Creating DbCommand for 'ExecuteNonQuery'. 
2025-03-19 21:46:05.8933 DEBUG Created DbCommand for 'ExecuteNonQuery' (0ms). 
2025-03-19 21:46:05.8933 DEBUG Initialized DbCommand for 'ExecuteNonQuery' (1ms). 
2025-03-19 21:46:05.8933 DEBUG Executing DbCommand [Parameters=[], CommandType='Text', CommandTimeout='30']
CREATE INDEX "IX_TaskCssSelectors_ProjectId" ON "TaskCssSelectors" ("ProjectId"); 
2025-03-19 21:46:05.9146 INFO Executed DbCommand (8ms) [Parameters=[], CommandType='Text', CommandTimeout='30']
CREATE INDEX "IX_TaskCssSelectors_ProjectId" ON "TaskCssSelectors" ("ProjectId"); 
2025-03-19 21:46:05.9146 DEBUG Creating DbCommand for 'ExecuteNonQuery'. 
2025-03-19 21:46:05.9146 DEBUG Created DbCommand for 'ExecuteNonQuery' (0ms). 
2025-03-19 21:46:05.9146 DEBUG Initialized DbCommand for 'ExecuteNonQuery' (1ms). 
2025-03-19 21:46:05.9146 DEBUG Executing DbCommand [Parameters=[], CommandType='Text', CommandTimeout='30']
CREATE INDEX "IX_TaskHistories_ProjectId" ON "TaskHistories" ("ProjectId"); 
2025-03-19 21:46:05.9249 INFO Executed DbCommand (8ms) [Parameters=[], CommandType='Text', CommandTimeout='30']
CREATE INDEX "IX_TaskHistories_ProjectId" ON "TaskHistories" ("ProjectId"); 
2025-03-19 21:46:05.9249 DEBUG Creating DbCommand for 'ExecuteNonQuery'. 
2025-03-19 21:46:05.9249 DEBUG Created DbCommand for 'ExecuteNonQuery' (0ms). 
2025-03-19 21:46:05.9249 DEBUG Initialized DbCommand for 'ExecuteNonQuery' (1ms). 
2025-03-19 21:46:05.9249 DEBUG Executing DbCommand [Parameters=[], CommandType='Text', CommandTimeout='30']
CREATE INDEX "IX_Tasks_ProductId" ON "Tasks" ("ProductId"); 
2025-03-19 21:46:05.9249 INFO Executed DbCommand (8ms) [Parameters=[], CommandType='Text', CommandTimeout='30']
CREATE INDEX "IX_Tasks_ProductId" ON "Tasks" ("ProductId"); 
2025-03-19 21:46:05.9249 DEBUG Creating DbCommand for 'ExecuteNonQuery'. 
2025-03-19 21:46:05.9249 DEBUG Created DbCommand for 'ExecuteNonQuery' (0ms). 
2025-03-19 21:46:05.9249 DEBUG Initialized DbCommand for 'ExecuteNonQuery' (1ms). 
2025-03-19 21:46:05.9249 DEBUG Executing DbCommand [Parameters=[], CommandType='Text', CommandTimeout='30']
CREATE INDEX "IX_Tasks_ProjectId" ON "Tasks" ("ProjectId"); 
2025-03-19 21:46:05.9460 INFO Executed DbCommand (8ms) [Parameters=[], CommandType='Text', CommandTimeout='30']
CREATE INDEX "IX_Tasks_ProjectId" ON "Tasks" ("ProjectId"); 
2025-03-19 21:46:05.9460 DEBUG Creating DbCommand for 'ExecuteNonQuery'. 
2025-03-19 21:46:05.9460 DEBUG Created DbCommand for 'ExecuteNonQuery' (0ms). 
2025-03-19 21:46:05.9460 DEBUG Initialized DbCommand for 'ExecuteNonQuery' (1ms). 
2025-03-19 21:46:05.9460 DEBUG Executing DbCommand [Parameters=[], CommandType='Text', CommandTimeout='30']
CREATE INDEX "IX_Tasks_ProjectId1" ON "Tasks" ("ProjectId1"); 
2025-03-19 21:46:05.9571 INFO Executed DbCommand (8ms) [Parameters=[], CommandType='Text', CommandTimeout='30']
CREATE INDEX "IX_Tasks_ProjectId1" ON "Tasks" ("ProjectId1"); 
2025-03-19 21:46:05.9571 DEBUG Creating DbCommand for 'ExecuteNonQuery'. 
2025-03-19 21:46:05.9571 DEBUG Created DbCommand for 'ExecuteNonQuery' (0ms). 
2025-03-19 21:46:05.9571 DEBUG Initialized DbCommand for 'ExecuteNonQuery' (1ms). 
2025-03-19 21:46:05.9571 DEBUG Executing DbCommand [Parameters=[], CommandType='Text', CommandTimeout='30']
CREATE INDEX "IX_Tasks_TaskCssSelectorId" ON "Tasks" ("TaskCssSelectorId"); 
2025-03-19 21:46:05.9571 INFO Executed DbCommand (8ms) [Parameters=[], CommandType='Text', CommandTimeout='30']
CREATE INDEX "IX_Tasks_TaskCssSelectorId" ON "Tasks" ("TaskCssSelectorId"); 
2025-03-19 21:46:05.9571 DEBUG Creating DbCommand for 'ExecuteNonQuery'. 
2025-03-19 21:46:05.9571 DEBUG Created DbCommand for 'ExecuteNonQuery' (0ms). 
2025-03-19 21:46:05.9571 DEBUG Initialized DbCommand for 'ExecuteNonQuery' (1ms). 
2025-03-19 21:46:05.9571 DEBUG Executing DbCommand [Parameters=[], CommandType='Text', CommandTimeout='30']
CREATE INDEX "IX_UserProducts_TaskId" ON "UserProducts" ("TaskId"); 
2025-03-19 21:46:05.9778 INFO Executed DbCommand (7ms) [Parameters=[], CommandType='Text', CommandTimeout='30']
CREATE INDEX "IX_UserProducts_TaskId" ON "UserProducts" ("TaskId"); 
2025-03-19 21:46:05.9778 DEBUG Creating DbCommand for 'ExecuteNonQuery'. 
2025-03-19 21:46:05.9778 DEBUG Created DbCommand for 'ExecuteNonQuery' (0ms). 
2025-03-19 21:46:05.9778 DEBUG Initialized DbCommand for 'ExecuteNonQuery' (1ms). 
2025-03-19 21:46:05.9778 DEBUG Executing DbCommand [Parameters=[], CommandType='Text', CommandTimeout='30']
CREATE INDEX "IX_UserProducts_UserId" ON "UserProducts" ("UserId"); 
2025-03-19 21:46:05.9876 INFO Executed DbCommand (7ms) [Parameters=[], CommandType='Text', CommandTimeout='30']
CREATE INDEX "IX_UserProducts_UserId" ON "UserProducts" ("UserId"); 
2025-03-19 21:46:05.9876 DEBUG Creating DbCommand for 'ExecuteNonQuery'. 
2025-03-19 21:46:05.9876 DEBUG Created DbCommand for 'ExecuteNonQuery' (0ms). 
2025-03-19 21:46:05.9876 DEBUG Initialized DbCommand for 'ExecuteNonQuery' (1ms). 
2025-03-19 21:46:05.9876 DEBUG Executing DbCommand [Parameters=[], CommandType='Text', CommandTimeout='30']
CREATE UNIQUE INDEX "IX_Users_Email" ON "Users" ("Email"); 
2025-03-19 21:46:05.9876 INFO Executed DbCommand (8ms) [Parameters=[], CommandType='Text', CommandTimeout='30']
CREATE UNIQUE INDEX "IX_Users_Email" ON "Users" ("Email"); 
2025-03-19 21:46:05.9876 DEBUG Creating DbCommand for 'ExecuteNonQuery'. 
2025-03-19 21:46:05.9876 DEBUG Created DbCommand for 'ExecuteNonQuery' (0ms). 
2025-03-19 21:46:05.9876 DEBUG Initialized DbCommand for 'ExecuteNonQuery' (0ms). 
2025-03-19 21:46:05.9876 DEBUG Executing DbCommand [Parameters=[], CommandType='Text', CommandTimeout='30']
CREATE UNIQUE INDEX "IX_Users_Username" ON "Users" ("Username"); 
2025-03-19 21:46:06.0073 INFO Executed DbCommand (7ms) [Parameters=[], CommandType='Text', CommandTimeout='30']
CREATE UNIQUE INDEX "IX_Users_Username" ON "Users" ("Username"); 
2025-03-19 21:46:06.0073 DEBUG Creating DbCommand for 'ExecuteNonQuery'. 
2025-03-19 21:46:06.0073 DEBUG Created DbCommand for 'ExecuteNonQuery' (0ms). 
2025-03-19 21:46:06.0073 DEBUG Initialized DbCommand for 'ExecuteNonQuery' (1ms). 
2025-03-19 21:46:06.0073 DEBUG Executing DbCommand [Parameters=[], CommandType='Text', CommandTimeout='30']
INSERT INTO "__EFMigrationsHistory" ("MigrationId", "ProductVersion")
VALUES ('20250320002519_InitialCreate', '9.0.3'); 
2025-03-19 21:46:06.0073 INFO Executed DbCommand (3ms) [Parameters=[], CommandType='Text', CommandTimeout='30']
INSERT INTO "__EFMigrationsHistory" ("MigrationId", "ProductVersion")
VALUES ('20250320002519_InitialCreate', '9.0.3'); 
2025-03-19 21:46:06.0073 DEBUG Committing transaction. 
2025-03-19 21:46:06.0252 DEBUG Committed transaction. 
2025-03-19 21:46:06.0252 DEBUG Disposing transaction. 
2025-03-19 21:46:06.0252 DEBUG Closing connection to database 'gigahouse' on server 'tcp://localhost:5432'. 
2025-03-19 21:46:06.0252 DEBUG Closed connection to database 'gigahouse' on server 'tcp://localhost:5432' (0ms). 
2025-03-19 21:46:07.5980 DEBUG 'AppDbContext' disposed. 
2025-03-19 21:46:07.5980 DEBUG Disposing connection to database 'gigahouse' on server 'tcp://localhost:5432'. 
2025-03-19 21:46:07.5980 DEBUG Disposed connection to database 'gigahouse' on server 'tcp://localhost:5432' (0ms). 
2025-03-19 21:46:09.1417 INFO Health Check enabled at: '/health' 
2025-03-19 21:46:09.3957 DEBUG Registered model binder providers, in the following order: Microsoft.AspNetCore.Mvc.ModelBinding.Binders.BinderTypeModelBinderProvider, Microsoft.AspNetCore.Mvc.ModelBinding.Binders.ServicesModelBinderProvider, Microsoft.AspNetCore.Mvc.ModelBinding.Binders.BodyModelBinderProvider, Microsoft.AspNetCore.Mvc.ModelBinding.Binders.HeaderModelBinderProvider, Microsoft.AspNetCore.Mvc.ModelBinding.Binders.FloatingPointTypeModelBinderProvider, Microsoft.AspNetCore.Mvc.ModelBinding.Binders.EnumTypeModelBinderProvider, Microsoft.AspNetCore.Mvc.ModelBinding.Binders.DateTimeModelBinderProvider, Microsoft.AspNetCore.Mvc.ModelBinding.Binders.SimpleTypeModelBinderProvider, Microsoft.AspNetCore.Mvc.ModelBinding.Binders.TryParseModelBinderProvider, Microsoft.AspNetCore.Mvc.ModelBinding.Binders.CancellationTokenModelBinderProvider, Microsoft.AspNetCore.Mvc.ModelBinding.Binders.ByteArrayModelBinderProvider, Microsoft.AspNetCore.Mvc.ModelBinding.Binders.FormFileModelBinderProvider, Microsoft.AspNetCore.Mvc.ModelBinding.Binders.FormCollectionModelBinderProvider, Microsoft.AspNetCore.Mvc.ModelBinding.Binders.KeyValuePairModelBinderProvider, Microsoft.AspNetCore.Mvc.ModelBinding.Binders.DictionaryModelBinderProvider, Microsoft.AspNetCore.Mvc.ModelBinding.Binders.ArrayModelBinderProvider, Microsoft.AspNetCore.Mvc.ModelBinding.Binders.CollectionModelBinderProvider, Microsoft.AspNetCore.Mvc.ModelBinding.Binders.ComplexObjectModelBinderProvider 
2025-03-19 21:46:09.7738 DEBUG Hosting starting 
2025-03-19 21:46:09.8006 INFO User profile is available. Using 'C:\Users\ferra\AppData\Local\ASP.NET\DataProtection-Keys' as key repository and Windows DPAPI to encrypt keys at rest. 
2025-03-19 21:46:09.8006 DEBUG Reading data from file 'C:\Users\ferra\AppData\Local\ASP.NET\DataProtection-Keys\key-18b50e0b-5984-4cba-ace7-c362dbf66967.xml'. 
2025-03-19 21:46:09.8455 DEBUG Found key {18b50e0b-5984-4cba-ace7-c362dbf66967}. 
2025-03-19 21:46:09.8595 DEBUG Considering key {18b50e0b-5984-4cba-ace7-c362dbf66967} with expiration date 2025-06-06 18:09:46Z as default key. 
2025-03-19 21:46:09.8624 DEBUG Forwarded activator type request from Microsoft.AspNetCore.DataProtection.XmlEncryption.DpapiXmlDecryptor, Microsoft.AspNetCore.DataProtection, Version=8.0.0.0, Culture=neutral, PublicKeyToken=adb9793829ddae60 to Microsoft.AspNetCore.DataProtection.XmlEncryption.DpapiXmlDecryptor, Microsoft.AspNetCore.DataProtection, Culture=neutral, PublicKeyToken=adb9793829ddae60 
2025-03-19 21:46:09.8624 DEBUG Decrypting secret element using Windows DPAPI. 
2025-03-19 21:46:09.8624 DEBUG Forwarded activator type request from Microsoft.AspNetCore.DataProtection.AuthenticatedEncryption.ConfigurationModel.AuthenticatedEncryptorDescriptorDeserializer, Microsoft.AspNetCore.DataProtection, Version=8.0.0.0, Culture=neutral, PublicKeyToken=adb9793829ddae60 to Microsoft.AspNetCore.DataProtection.AuthenticatedEncryption.ConfigurationModel.AuthenticatedEncryptorDescriptorDeserializer, Microsoft.AspNetCore.DataProtection, Culture=neutral, PublicKeyToken=adb9793829ddae60 
2025-03-19 21:46:09.8624 DEBUG Opening CNG algorithm 'AES' from provider '(null)' with chaining mode CBC. 
2025-03-19 21:46:09.8624 DEBUG Opening CNG algorithm 'SHA256' from provider '(null)' with HMAC. 
2025-03-19 21:46:09.8624 DEBUG Using key {18b50e0b-5984-4cba-ace7-c362dbf66967} as the default key. 
2025-03-19 21:46:09.8624 DEBUG Key ring with default key {18b50e0b-5984-4cba-ace7-c362dbf66967} was loaded during application startup. 
2025-03-19 21:46:10.0322 DEBUG Using development certificate: CN=localhost (Thumbprint: 9A88E13EBBA4D80868F923DF646A00825267504F) 
2025-03-19 21:46:10.0802 INFO Now listening on: https://localhost:7065 
2025-03-19 21:46:10.0808 INFO Now listening on: http://localhost:5057 
2025-03-19 21:46:10.0808 DEBUG Loaded hosting startup assembly GigaHouse.TaskList 
2025-03-19 21:46:10.0808 DEBUG Loaded hosting startup assembly Microsoft.AspNetCore.Watch.BrowserRefresh 
2025-03-19 21:46:10.0808 DEBUG Loaded hosting startup assembly Microsoft.WebTools.BrowserLink.Net 
2025-03-19 21:46:10.0808 INFO Application started. Press Ctrl+C to shut down. 
2025-03-19 21:46:10.0808 INFO Hosting environment: Development 
2025-03-19 21:46:10.0808 INFO Content root path: C:\Git\base\GigaHouse.TaskList 
2025-03-19 21:46:10.0808 DEBUG Hosting started 
2025-03-19 21:46:10.1696 DEBUG Connection id "0HNB792DP031J" accepted. 
2025-03-19 21:46:10.1696 DEBUG Connection id "0HNB792DP031J" started. 
2025-03-19 21:46:10.1793 DEBUG Connection id "0HNB792DP031J" received FIN. 
2025-03-19 21:46:10.1793 DEBUG Failed to authenticate HTTPS connection. System.IO.IOException: Received an unexpected EOF or 0 bytes from the transport stream.
   at System.Net.Security.SslStream.ReceiveHandshakeFrameAsync[TIOAdapter](CancellationToken cancellationToken)
   at System.Net.Security.SslStream.ForceAuthenticationAsync[TIOAdapter](Boolean receiveFirst, Byte[] reAuthenticationData, CancellationToken cancellationToken)
   at System.Net.Security.SslStream.ProcessAuthenticationWithTelemetryAsync(Boolean isAsync, CancellationToken cancellationToken)
   at Microsoft.AspNetCore.Server.Kestrel.Https.Internal.HttpsConnectionMiddleware.OnConnectionAsync(ConnectionContext context)
2025-03-19 21:46:10.2148 DEBUG Connection id "0HNB792DP031J" stopped. 
2025-03-19 21:46:10.2148 DEBUG Connection id "0HNB792DP031J" sending FIN because: "The Socket transport's send loop completed gracefully." 
2025-03-19 21:46:12.6320 DEBUG Connection id "0HNB792DP031K" accepted. 
2025-03-19 21:46:12.6320 DEBUG Connection id "0HNB792DP031K" started. 
2025-03-19 21:46:12.7135 DEBUG Connection id "0HNB792DP031K" received FIN. 
2025-03-19 21:46:12.7263 DEBUG Connection id "0HNB792DP031L" accepted. 
2025-03-19 21:46:12.7263 DEBUG Connection id "0HNB792DP031L" started. 
2025-03-19 21:46:12.7458 DEBUG Failed to authenticate HTTPS connection. System.IO.IOException: Received an unexpected EOF or 0 bytes from the transport stream.
   at System.Net.Security.SslStream.ReceiveHandshakeFrameAsync[TIOAdapter](CancellationToken cancellationToken)
   at System.Net.Security.SslStream.ForceAuthenticationAsync[TIOAdapter](Boolean receiveFirst, Byte[] reAuthenticationData, CancellationToken cancellationToken)
   at System.Net.Security.SslStream.ProcessAuthenticationWithTelemetryAsync(Boolean isAsync, CancellationToken cancellationToken)
   at Microsoft.AspNetCore.Server.Kestrel.Https.Internal.HttpsConnectionMiddleware.OnConnectionAsync(ConnectionContext context)
2025-03-19 21:46:12.7458 DEBUG Connection id "0HNB792DP031K" stopped. 
2025-03-19 21:46:12.7532 DEBUG Connection id "0HNB792DP031K" sending FIN because: "The Socket transport's send loop completed gracefully." 
2025-03-19 21:46:12.7710 DEBUG Connection id "0HNB792DP031M" accepted. 
2025-03-19 21:46:12.7710 DEBUG Connection id "0HNB792DP031L" received FIN. 
2025-03-19 21:46:12.7710 DEBUG Connection id "0HNB792DP031M" started. 
2025-03-19 21:46:12.8654 DEBUG Failed to authenticate HTTPS connection. System.Security.Authentication.AuthenticationException: Authentication failed, see inner exception.
 ---> System.ComponentModel.Win32Exception (0x80090327): Erro desconhecido ao processar o certificado.
   --- End of inner exception stack trace ---
   at System.Net.Security.SslStream.ForceAuthenticationAsync[TIOAdapter](Boolean receiveFirst, Byte[] reAuthenticationData, CancellationToken cancellationToken)
   at System.Net.Security.SslStream.ProcessAuthenticationWithTelemetryAsync(Boolean isAsync, CancellationToken cancellationToken)
   at Microsoft.AspNetCore.Server.Kestrel.Https.Internal.HttpsConnectionMiddleware.OnConnectionAsync(ConnectionContext context)
2025-03-19 21:46:12.8654 DEBUG Connection id "0HNB792DP031L" stopped. 
2025-03-19 21:46:12.8654 DEBUG Connection id "0HNB792DP031L" sending FIN because: "The Socket transport's send loop completed gracefully." 
2025-03-19 21:46:12.8969 DEBUG Connection 0HNB792DP031M established using the following protocol: Tls13 
2025-03-19 21:46:13.6739 TRACE Connection id "0HNB792DP031M" sending SETTINGS frame for stream ID 0 with length 24 and flags NONE. 
2025-03-19 21:46:13.6846 TRACE Connection id "0HNB792DP031M" sending WINDOW_UPDATE frame for stream ID 0 with length 4 and flags 0x0. 
2025-03-19 21:46:13.6846 TRACE Connection id "0HNB792DP031M" received SETTINGS frame for stream ID 0 with length 24 and flags NONE. 
2025-03-19 21:46:13.6846 TRACE Connection id "0HNB792DP031M" sending SETTINGS frame for stream ID 0 with length 0 and flags ACK. 
2025-03-19 21:46:13.6903 TRACE Connection id "0HNB792DP031M" received WINDOW_UPDATE frame for stream ID 0 with length 4 and flags 0x0. 
2025-03-19 21:46:13.6903 TRACE Connection id "0HNB792DP031M" received HEADERS frame for stream ID 1 with length 478 and flags END_STREAM, END_HEADERS, PRIORITY. 
2025-03-19 21:46:13.7443 TRACE Connection id "0HNB792DP031M" received SETTINGS frame for stream ID 0 with length 0 and flags ACK. 
2025-03-19 21:46:13.8037 INFO Request starting HTTP/2 GET https://localhost:7065/swagger - - - 
2025-03-19 21:46:14.0924 DEBUG Wildcard detected, all requests with hosts will be allowed. 
2025-03-19 21:46:14.0924 TRACE All hosts are allowed. 
2025-03-19 21:46:14.1382 DEBUG No candidates found for the request path '/swagger' 
2025-03-19 21:46:14.1382 DEBUG Request did not match any endpoints 
2025-03-19 21:46:14.3046 DEBUG AuthenticationScheme: Bearer was not authenticated. 
2025-03-19 21:46:14.3481 TRACE Connection id "0HNB792DP031M" sending HEADERS frame for stream ID 1 with length 69 and flags END_STREAM, END_HEADERS. 
2025-03-19 21:46:14.3481 INFO Request finished HTTP/2 GET https://localhost:7065/swagger - 301 0 - 562.0667ms 
2025-03-19 21:46:14.3481 TRACE Connection id "0HNB792DP031M" received HEADERS frame for stream ID 3 with length 37 and flags END_STREAM, END_HEADERS, PRIORITY. 
2025-03-19 21:46:14.3620 INFO Request starting HTTP/2 GET https://localhost:7065/swagger/index.html - - - 
2025-03-19 21:46:14.3620 TRACE All hosts are allowed. 
2025-03-19 21:46:14.3620 DEBUG No candidates found for the request path '/swagger/index.html' 
2025-03-19 21:46:14.3620 DEBUG Request did not match any endpoints 
2025-03-19 21:46:14.3620 DEBUG AuthenticationScheme: Bearer was not authenticated. 
2025-03-19 21:46:14.5247 DEBUG Response markup is scheduled to include Browser Link script injection. 
2025-03-19 21:46:14.5247 DEBUG Response markup is scheduled to include browser refresh script injection. 
2025-03-19 21:46:14.5247 TRACE Connection id "0HNB792DP031M" sending HEADERS frame for stream ID 3 with length 28 and flags END_HEADERS. 
2025-03-19 21:46:14.5445 TRACE Connection id "0HNB792DP031M" sending DATA frame for stream ID 3 with length 4096 and flags NONE. 
2025-03-19 21:46:14.5566 TRACE Connection id "0HNB792DP031M" sending DATA frame for stream ID 3 with length 998 and flags NONE. 
2025-03-19 21:46:14.5566 TRACE Connection id "0HNB792DP031M" sending DATA frame for stream ID 3 with length 81 and flags NONE. 
2025-03-19 21:46:14.5668 DEBUG Response markup was updated to include Browser Link script injection. 
2025-03-19 21:46:14.5668 DEBUG Response markup was updated to include browser refresh script injection. 
2025-03-19 21:46:14.5668 TRACE Connection id "0HNB792DP031M" sending DATA frame for stream ID 3 with length 0 and flags END_STREAM. 
2025-03-19 21:46:14.5668 INFO Request finished HTTP/2 GET https://localhost:7065/swagger/index.html - 200 - text/html;charset=utf-8 208.5297ms 
2025-03-19 21:46:14.6336 TRACE Connection id "0HNB792DP031M" received HEADERS frame for stream ID 5 with length 113 and flags END_STREAM, END_HEADERS, PRIORITY. 
2025-03-19 21:46:14.6336 TRACE Connection id "0HNB792DP031M" received HEADERS frame for stream ID 7 with length 58 and flags END_STREAM, END_HEADERS, PRIORITY. 
2025-03-19 21:46:14.6336 INFO Request starting HTTP/2 GET https://localhost:7065/swagger/swagger-ui.css - - - 
2025-03-19 21:46:14.6336 INFO Request starting HTTP/2 GET https://localhost:7065/swagger/swagger-ui-bundle.js - - - 
2025-03-19 21:46:14.6336 TRACE Connection id "0HNB792DP031M" received HEADERS frame for stream ID 9 with length 51 and flags END_STREAM, END_HEADERS, PRIORITY. 
2025-03-19 21:46:14.6336 TRACE Connection id "0HNB792DP031M" received HEADERS frame for stream ID 11 with length 52 and flags END_STREAM, END_HEADERS, PRIORITY. 
2025-03-19 21:46:14.6336 TRACE All hosts are allowed. 
2025-03-19 21:46:14.6336 INFO Request starting HTTP/2 GET https://localhost:7065/swagger/swagger-ui-standalone-preset.js - - - 
2025-03-19 21:46:14.6336 TRACE All hosts are allowed. 
2025-03-19 21:46:14.6434 TRACE All hosts are allowed. 
2025-03-19 21:46:14.6434 DEBUG No candidates found for the request path '/swagger/swagger-ui.css' 
2025-03-19 21:46:14.6434 DEBUG No candidates found for the request path '/swagger/swagger-ui-standalone-preset.js' 
2025-03-19 21:46:14.6597 DEBUG Request did not match any endpoints 
2025-03-19 21:46:14.6597 DEBUG Request did not match any endpoints 
2025-03-19 21:46:14.6336 INFO Request starting HTTP/2 GET https://localhost:7065/_framework/aspnetcore-browser-refresh.js - - - 
2025-03-19 21:46:14.6434 DEBUG No candidates found for the request path '/swagger/swagger-ui-bundle.js' 
2025-03-19 21:46:14.6336 TRACE Connection id "0HNB792DP031M" received HEADERS frame for stream ID 13 with length 33 and flags END_STREAM, END_HEADERS, PRIORITY. 
2025-03-19 21:46:14.6597 DEBUG Request did not match any endpoints 
2025-03-19 21:46:14.6597 DEBUG AuthenticationScheme: Bearer was not authenticated. 
2025-03-19 21:46:14.6597 DEBUG AuthenticationScheme: Bearer was not authenticated. 
2025-03-19 21:46:14.6597 INFO Request starting HTTP/2 GET https://localhost:7065/_vs/browserLink - - - 
2025-03-19 21:46:14.6597 DEBUG AuthenticationScheme: Bearer was not authenticated. 
2025-03-19 21:46:14.6597 TRACE Connection id "0HNB792DP031M" sending HEADERS frame for stream ID 11 with length 90 and flags END_HEADERS. 
2025-03-19 21:46:14.6768 TRACE Connection id "0HNB792DP031M" sending DATA frame for stream ID 11 with length 13772 and flags NONE. 
2025-03-19 21:46:14.6768 INFO Request finished HTTP/2 GET https://localhost:7065/_framework/aspnetcore-browser-refresh.js - 200 13772 application/javascript;+charset=utf-8 40.9573ms 
2025-03-19 21:46:14.6768 TRACE Range header's value is empty. 
2025-03-19 21:46:14.6768 TRACE Range header's value is empty. 
2025-03-19 21:46:14.6768 TRACE Range header's value is empty. 
2025-03-19 21:46:14.6768 TRACE Connection id "0HNB792DP031M" sending DATA frame for stream ID 11 with length 0 and flags END_STREAM. 
2025-03-19 21:46:14.7006 TRACE Connection id "0HNB792DP031M" sending HEADERS frame for stream ID 5 with length 79 and flags END_HEADERS. 
2025-03-19 21:46:14.7006 TRACE Connection id "0HNB792DP031M" sending DATA frame for stream ID 5 with length 16384 and flags NONE. 
2025-03-19 21:46:14.7006 TRACE Connection id "0HNB792DP031M" sending DATA frame for stream ID 5 with length 16384 and flags NONE. 
2025-03-19 21:46:14.7064 TRACE Connection id "0HNB792DP031M" sending DATA frame for stream ID 5 with length 16384 and flags NONE. 
2025-03-19 21:46:14.7064 TRACE Connection id "0HNB792DP031M" sending DATA frame for stream ID 5 with length 16384 and flags NONE. 
2025-03-19 21:46:14.7064 TRACE Connection id "0HNB792DP031M" sending HEADERS frame for stream ID 9 with length 50 and flags END_HEADERS. 
2025-03-19 21:46:14.7064 TRACE Connection id "0HNB792DP031M" sending DATA frame for stream ID 9 with length 16384 and flags NONE. 
2025-03-19 21:46:14.7064 TRACE Connection id "0HNB792DP031M" sending DATA frame for stream ID 9 with length 16384 and flags NONE. 
2025-03-19 21:46:14.7064 TRACE Connection id "0HNB792DP031M" sending DATA frame for stream ID 9 with length 16384 and flags NONE. 
2025-03-19 21:46:14.7064 TRACE Connection id "0HNB792DP031M" sending DATA frame for stream ID 9 with length 16384 and flags NONE. 
2025-03-19 21:46:14.7212 TRACE Connection id "0HNB792DP031M" sending HEADERS frame for stream ID 7 with length 35 and flags END_HEADERS. 
2025-03-19 21:46:14.7212 TRACE Connection id "0HNB792DP031M" sending DATA frame for stream ID 7 with length 16384 and flags NONE. 
2025-03-19 21:46:14.7212 TRACE Connection id "0HNB792DP031M" sending DATA frame for stream ID 7 with length 16384 and flags NONE. 
2025-03-19 21:46:14.7212 TRACE Connection id "0HNB792DP031M" sending DATA frame for stream ID 7 with length 16384 and flags NONE. 
2025-03-19 21:46:14.7212 TRACE Connection id "0HNB792DP031M" sending DATA frame for stream ID 7 with length 16384 and flags NONE. 
2025-03-19 21:46:14.7212 TRACE Connection id "0HNB792DP031M" sending DATA frame for stream ID 5 with length 16384 and flags NONE. 
2025-03-19 21:46:14.7212 TRACE Connection id "0HNB792DP031M" sending DATA frame for stream ID 5 with length 16384 and flags NONE. 
2025-03-19 21:46:14.7380 TRACE Connection id "0HNB792DP031M" sending DATA frame for stream ID 5 with length 16384 and flags NONE. 
2025-03-19 21:46:14.7380 TRACE Connection id "0HNB792DP031M" sending DATA frame for stream ID 5 with length 16384 and flags NONE. 
2025-03-19 21:46:14.7380 TRACE Connection id "0HNB792DP031M" sending DATA frame for stream ID 9 with length 16384 and flags NONE. 
2025-03-19 21:46:14.7380 TRACE Connection id "0HNB792DP031M" sending DATA frame for stream ID 9 with length 16384 and flags NONE. 
2025-03-19 21:46:14.7380 TRACE Connection id "0HNB792DP031M" sending DATA frame for stream ID 9 with length 16384 and flags NONE. 
2025-03-19 21:46:14.7380 TRACE Connection id "0HNB792DP031M" sending DATA frame for stream ID 9 with length 16384 and flags NONE. 
2025-03-19 21:46:14.7380 TRACE Connection id "0HNB792DP031M" sending DATA frame for stream ID 7 with length 16384 and flags NONE. 
2025-03-19 21:46:14.7380 TRACE Connection id "0HNB792DP031M" sending DATA frame for stream ID 7 with length 16384 and flags NONE. 
2025-03-19 21:46:14.7380 TRACE Connection id "0HNB792DP031M" sending DATA frame for stream ID 7 with length 16384 and flags NONE. 
2025-03-19 21:46:14.7380 TRACE Connection id "0HNB792DP031M" sending DATA frame for stream ID 7 with length 16384 and flags NONE. 
2025-03-19 21:46:14.7380 TRACE Connection id "0HNB792DP031M" sending DATA frame for stream ID 5 with length 12871 and flags NONE. 
2025-03-19 21:46:14.7380 TRACE Connection id "0HNB792DP031M" sending DATA frame for stream ID 9 with length 16384 and flags NONE. 
2025-03-19 21:46:14.7538 TRACE Connection id "0HNB792DP031M" sending DATA frame for stream ID 9 with length 16384 and flags NONE. 
2025-03-19 21:46:14.7538 TRACE Connection id "0HNB792DP031M" sending DATA frame for stream ID 9 with length 16384 and flags NONE. 
2025-03-19 21:46:14.7538 TRACE Connection id "0HNB792DP031M" sending DATA frame for stream ID 9 with length 16384 and flags NONE. 
2025-03-19 21:46:14.7538 INFO Sending file. Request path: '/swagger-ui.css'. Physical path: 'N/A' 
2025-03-19 21:46:14.7538 INFO Request finished HTTP/2 GET https://localhost:7065/swagger/swagger-ui.css - 200 143943 text/css 123.0487ms 
2025-03-19 21:46:14.7538 TRACE Connection id "0HNB792DP031M" sending DATA frame for stream ID 7 with length 16384 and flags NONE. 
2025-03-19 21:46:14.7538 TRACE Connection id "0HNB792DP031M" sending DATA frame for stream ID 7 with length 16384 and flags NONE. 
2025-03-19 21:46:14.7538 TRACE Connection id "0HNB792DP031M" sending DATA frame for stream ID 7 with length 16384 and flags NONE. 
2025-03-19 21:46:14.7538 TRACE Connection id "0HNB792DP031M" sending DATA frame for stream ID 7 with length 16384 and flags NONE. 
2025-03-19 21:46:14.7538 TRACE Connection id "0HNB792DP031M" sending DATA frame for stream ID 5 with length 0 and flags END_STREAM. 
2025-03-19 21:46:14.7538 TRACE Connection id "0HNB792DP031M" sending DATA frame for stream ID 9 with length 16384 and flags NONE. 
2025-03-19 21:46:14.7538 TRACE Connection id "0HNB792DP031M" sending DATA frame for stream ID 9 with length 16384 and flags NONE. 
2025-03-19 21:46:14.7538 TRACE Connection id "0HNB792DP031M" sending DATA frame for stream ID 9 with length 16384 and flags NONE. 
2025-03-19 21:46:14.7685 TRACE Connection id "0HNB792DP031M" sending DATA frame for stream ID 9 with length 16384 and flags NONE. 
2025-03-19 21:46:14.7685 TRACE Connection id "0HNB792DP031M" sending DATA frame for stream ID 7 with length 16384 and flags NONE. 
2025-03-19 21:46:14.7685 TRACE Connection id "0HNB792DP031M" sending DATA frame for stream ID 7 with length 16384 and flags NONE. 
2025-03-19 21:46:14.7685 TRACE Connection id "0HNB792DP031M" sending DATA frame for stream ID 7 with length 16384 and flags NONE. 
2025-03-19 21:46:14.7685 TRACE Connection id "0HNB792DP031M" sending DATA frame for stream ID 7 with length 16384 and flags NONE. 
2025-03-19 21:46:14.7685 TRACE Connection id "0HNB792DP031M" sending DATA frame for stream ID 9 with length 16384 and flags NONE. 
2025-03-19 21:46:14.7685 TRACE Connection id "0HNB792DP031M" sending DATA frame for stream ID 9 with length 16384 and flags NONE. 
2025-03-19 21:46:14.7862 TRACE Connection id "0HNB792DP031M" sending DATA frame for stream ID 9 with length 16384 and flags NONE. 
2025-03-19 21:46:14.7862 TRACE Connection id "0HNB792DP031M" sending DATA frame for stream ID 9 with length 16384 and flags NONE. 
2025-03-19 21:46:14.7862 TRACE Connection id "0HNB792DP031M" sending DATA frame for stream ID 7 with length 16384 and flags NONE. 
2025-03-19 21:46:14.7862 TRACE Connection id "0HNB792DP031M" sending DATA frame for stream ID 7 with length 16384 and flags NONE. 
2025-03-19 21:46:14.7862 TRACE Connection id "0HNB792DP031M" sending DATA frame for stream ID 7 with length 16384 and flags NONE. 
2025-03-19 21:46:14.7862 TRACE Connection id "0HNB792DP031M" sending DATA frame for stream ID 7 with length 16384 and flags NONE. 
2025-03-19 21:46:14.7996 TRACE Connection id "0HNB792DP031M" sending DATA frame for stream ID 9 with length 11806 and flags NONE. 
2025-03-19 21:46:14.7996 TRACE Connection id "0HNB792DP031M" sending DATA frame for stream ID 7 with length 16384 and flags NONE. 
2025-03-19 21:46:14.7996 INFO Sending file. Request path: '/swagger-ui-standalone-preset.js'. Physical path: 'N/A' 
2025-03-19 21:46:14.7996 TRACE Connection id "0HNB792DP031M" sending DATA frame for stream ID 7 with length 16384 and flags NONE. 
2025-03-19 21:46:14.7996 INFO Request finished HTTP/2 GET https://localhost:7065/swagger/swagger-ui-standalone-preset.js - 200 339486 text/javascript 164.3614ms 
2025-03-19 21:46:14.7996 TRACE Connection id "0HNB792DP031M" sending DATA frame for stream ID 7 with length 16384 and flags NONE. 
2025-03-19 21:46:14.7996 TRACE Connection id "0HNB792DP031M" sending DATA frame for stream ID 7 with length 16384 and flags NONE. 
2025-03-19 21:46:14.7996 TRACE Connection id "0HNB792DP031M" sending DATA frame for stream ID 9 with length 0 and flags END_STREAM. 
2025-03-19 21:46:14.7996 TRACE Connection id "0HNB792DP031M" sending DATA frame for stream ID 7 with length 16384 and flags NONE. 
2025-03-19 21:46:14.7996 TRACE Connection id "0HNB792DP031M" sending DATA frame for stream ID 7 with length 16384 and flags NONE. 
2025-03-19 21:46:14.7996 TRACE Connection id "0HNB792DP031M" sending DATA frame for stream ID 7 with length 16384 and flags NONE. 
2025-03-19 21:46:14.8155 TRACE Connection id "0HNB792DP031M" sending DATA frame for stream ID 7 with length 16384 and flags NONE. 
2025-03-19 21:46:14.8155 TRACE Connection id "0HNB792DP031M" sending DATA frame for stream ID 7 with length 16384 and flags NONE. 
2025-03-19 21:46:14.8155 TRACE Connection id "0HNB792DP031M" sending DATA frame for stream ID 7 with length 16384 and flags NONE. 
2025-03-19 21:46:14.8155 TRACE Connection id "0HNB792DP031M" sending DATA frame for stream ID 7 with length 16384 and flags NONE. 
2025-03-19 21:46:14.8155 TRACE Connection id "0HNB792DP031M" sending DATA frame for stream ID 7 with length 16384 and flags NONE. 
2025-03-19 21:46:14.8155 TRACE Connection id "0HNB792DP031M" sending DATA frame for stream ID 7 with length 16384 and flags NONE. 
2025-03-19 21:46:14.8155 TRACE Connection id "0HNB792DP031M" sending DATA frame for stream ID 7 with length 16384 and flags NONE. 
2025-03-19 21:46:14.8311 TRACE Connection id "0HNB792DP031M" sending DATA frame for stream ID 7 with length 16384 and flags NONE. 
2025-03-19 21:46:14.8311 TRACE Connection id "0HNB792DP031M" sending DATA frame for stream ID 7 with length 16384 and flags NONE. 
2025-03-19 21:46:14.8311 TRACE Connection id "0HNB792DP031M" sending HEADERS frame for stream ID 13 with length 119 and flags END_HEADERS. 
2025-03-19 21:46:14.8311 TRACE Connection id "0HNB792DP031M" sending DATA frame for stream ID 13 with length 9986 and flags NONE. 
2025-03-19 21:46:14.8311 TRACE Connection id "0HNB792DP031M" sending DATA frame for stream ID 7 with length 16384 and flags NONE. 
2025-03-19 21:46:14.8311 TRACE Connection id "0HNB792DP031M" sending DATA frame for stream ID 7 with length 16384 and flags NONE. 
2025-03-19 21:46:14.8311 TRACE Connection id "0HNB792DP031M" sending DATA frame for stream ID 7 with length 16384 and flags NONE. 
2025-03-19 21:46:14.8311 TRACE Connection id "0HNB792DP031M" sending DATA frame for stream ID 7 with length 16384 and flags NONE. 
2025-03-19 21:46:14.8464 TRACE Connection id "0HNB792DP031M" sending DATA frame for stream ID 13 with length 10240 and flags NONE. 
2025-03-19 21:46:14.8464 TRACE Connection id "0HNB792DP031M" sending DATA frame for stream ID 7 with length 16384 and flags NONE. 
2025-03-19 21:46:14.8464 TRACE Connection id "0HNB792DP031M" sending DATA frame for stream ID 7 with length 16384 and flags NONE. 
2025-03-19 21:46:14.8464 TRACE Connection id "0HNB792DP031M" sending DATA frame for stream ID 7 with length 16384 and flags NONE. 
2025-03-19 21:46:14.8464 TRACE Connection id "0HNB792DP031M" sending DATA frame for stream ID 7 with length 16384 and flags NONE. 
2025-03-19 21:46:14.8464 TRACE Connection id "0HNB792DP031M" sending DATA frame for stream ID 13 with length 10240 and flags NONE. 
2025-03-19 21:46:14.8464 TRACE Connection id "0HNB792DP031M" sending DATA frame for stream ID 7 with length 16384 and flags NONE. 
2025-03-19 21:46:14.8464 TRACE Connection id "0HNB792DP031M" sending DATA frame for stream ID 7 with length 16384 and flags NONE. 
2025-03-19 21:46:14.8464 TRACE Connection id "0HNB792DP031M" sending DATA frame for stream ID 7 with length 16384 and flags NONE. 
2025-03-19 21:46:14.8464 TRACE Connection id "0HNB792DP031M" sending DATA frame for stream ID 7 with length 16384 and flags NONE. 
2025-03-19 21:46:14.8464 TRACE Connection id "0HNB792DP031M" sending DATA frame for stream ID 13 with length 10240 and flags NONE. 
2025-03-19 21:46:14.8622 TRACE Connection id "0HNB792DP031M" sending DATA frame for stream ID 7 with length 16384 and flags NONE. 
2025-03-19 21:46:14.8622 TRACE Connection id "0HNB792DP031M" sending DATA frame for stream ID 7 with length 16384 and flags NONE. 
2025-03-19 21:46:14.8622 TRACE Connection id "0HNB792DP031M" sending DATA frame for stream ID 7 with length 16384 and flags NONE. 
2025-03-19 21:46:14.8622 TRACE Connection id "0HNB792DP031M" sending DATA frame for stream ID 7 with length 16384 and flags NONE. 
2025-03-19 21:46:14.8622 TRACE Connection id "0HNB792DP031M" sending DATA frame for stream ID 13 with length 10240 and flags NONE. 
2025-03-19 21:46:14.8622 TRACE Connection id "0HNB792DP031M" sending DATA frame for stream ID 7 with length 16384 and flags NONE. 
2025-03-19 21:46:14.8622 TRACE Connection id "0HNB792DP031M" sending DATA frame for stream ID 7 with length 16384 and flags NONE. 
2025-03-19 21:46:14.8622 TRACE Connection id "0HNB792DP031M" sending DATA frame for stream ID 7 with length 16384 and flags NONE. 
2025-03-19 21:46:14.8622 TRACE Connection id "0HNB792DP031M" sending DATA frame for stream ID 7 with length 16384 and flags NONE. 
2025-03-19 21:46:14.8622 TRACE Connection id "0HNB792DP031M" sending DATA frame for stream ID 13 with length 10240 and flags NONE. 
2025-03-19 21:46:14.8783 TRACE Connection id "0HNB792DP031M" sending DATA frame for stream ID 7 with length 16384 and flags NONE. 
2025-03-19 21:46:14.8783 TRACE Connection id "0HNB792DP031M" sending DATA frame for stream ID 7 with length 16384 and flags NONE. 
2025-03-19 21:46:14.8783 TRACE Connection id "0HNB792DP031M" sending DATA frame for stream ID 7 with length 16384 and flags NONE. 
2025-03-19 21:46:14.8783 TRACE Connection id "0HNB792DP031M" sending DATA frame for stream ID 7 with length 16384 and flags NONE. 
2025-03-19 21:46:14.8783 TRACE Connection id "0HNB792DP031M" sending DATA frame for stream ID 13 with length 10240 and flags NONE. 
2025-03-19 21:46:14.8783 TRACE Connection id "0HNB792DP031M" sending DATA frame for stream ID 7 with length 16384 and flags NONE. 
2025-03-19 21:46:14.8783 TRACE Connection id "0HNB792DP031M" sending DATA frame for stream ID 7 with length 16384 and flags NONE. 
2025-03-19 21:46:14.8783 TRACE Connection id "0HNB792DP031M" sending DATA frame for stream ID 7 with length 16384 and flags NONE. 
2025-03-19 21:46:14.8783 TRACE Connection id "0HNB792DP031M" sending DATA frame for stream ID 7 with length 16384 and flags NONE. 
2025-03-19 21:46:14.8783 TRACE Connection id "0HNB792DP031M" sending DATA frame for stream ID 13 with length 10240 and flags NONE. 
2025-03-19 21:46:14.8938 TRACE Connection id "0HNB792DP031M" sending DATA frame for stream ID 7 with length 16384 and flags NONE. 
2025-03-19 21:46:14.8938 TRACE Connection id "0HNB792DP031M" sending DATA frame for stream ID 7 with length 16384 and flags NONE. 
2025-03-19 21:46:14.8938 TRACE Connection id "0HNB792DP031M" sending DATA frame for stream ID 7 with length 14801 and flags NONE. 
2025-03-19 21:46:14.8938 TRACE Connection id "0HNB792DP031M" sending DATA frame for stream ID 13 with length 10240 and flags NONE. 
2025-03-19 21:46:14.8938 INFO Sending file. Request path: '/swagger-ui-bundle.js'. Physical path: 'N/A' 
2025-03-19 21:46:14.8938 TRACE Connection id "0HNB792DP031M" sending DATA frame for stream ID 13 with length 10240 and flags NONE. 
2025-03-19 21:46:14.8938 INFO Request finished HTTP/2 GET https://localhost:7065/swagger/swagger-ui-bundle.js - 200 1096145 text/javascript 264.6866ms 
2025-03-19 21:46:14.8938 TRACE Connection id "0HNB792DP031M" sending DATA frame for stream ID 7 with length 0 and flags END_STREAM. 
2025-03-19 21:46:14.8938 TRACE Connection id "0HNB792DP031M" sending DATA frame for stream ID 13 with length 10240 and flags NONE. 
2025-03-19 21:46:14.8938 TRACE Connection id "0HNB792DP031M" sending DATA frame for stream ID 13 with length 10240 and flags NONE. 
2025-03-19 21:46:14.8938 TRACE Connection id "0HNB792DP031M" sending DATA frame for stream ID 13 with length 10240 and flags NONE. 
2025-03-19 21:46:14.9102 TRACE Connection id "0HNB792DP031M" sending DATA frame for stream ID 13 with length 10240 and flags NONE. 
2025-03-19 21:46:14.9102 TRACE Connection id "0HNB792DP031M" sending DATA frame for stream ID 13 with length 10240 and flags NONE. 
2025-03-19 21:46:14.9102 TRACE Connection id "0HNB792DP031M" sending DATA frame for stream ID 13 with length 160 and flags NONE. 
2025-03-19 21:46:14.9102 TRACE Connection id "0HNB792DP031M" sending DATA frame for stream ID 13 with length 0 and flags END_STREAM. 
2025-03-19 21:46:14.9102 INFO Request finished HTTP/2 GET https://localhost:7065/_vs/browserLink - 200 - text/javascript;+charset=UTF-8 243.3475ms 
2025-03-19 21:46:15.1532 TRACE Connection id "0HNB792DP031M" received HEADERS frame for stream ID 15 with length 74 and flags END_STREAM, END_HEADERS, PRIORITY. 
2025-03-19 21:46:15.1532 INFO Request starting HTTP/2 GET https://localhost:7065/swagger/v1/swagger.json - - - 
2025-03-19 21:46:15.1532 TRACE All hosts are allowed. 
2025-03-19 21:46:15.1532 DEBUG No candidates found for the request path '/swagger/v1/swagger.json' 
2025-03-19 21:46:15.1532 DEBUG Request did not match any endpoints 
2025-03-19 21:46:15.1594 DEBUG AuthenticationScheme: Bearer was not authenticated. 
2025-03-19 21:46:15.3362 TRACE Connection id "0HNB792DP031M" sending HEADERS frame for stream ID 15 with length 35 and flags END_HEADERS. 
2025-03-19 21:46:15.3362 TRACE Connection id "0HNB792DP031M" sending DATA frame for stream ID 15 with length 16384 and flags NONE. 
2025-03-19 21:46:15.3362 TRACE Connection id "0HNB792DP031M" sending DATA frame for stream ID 15 with length 5674 and flags NONE. 
2025-03-19 21:46:15.3362 INFO Request finished HTTP/2 GET https://localhost:7065/swagger/v1/swagger.json - 200 - application/json;charset=utf-8 185.7950ms 
2025-03-19 21:46:15.3362 TRACE Connection id "0HNB792DP031M" sending DATA frame for stream ID 15 with length 0 and flags END_STREAM. 
2025-03-19 21:46:23.4286 DEBUG Connection id "0HNB792DP031M" received FIN. 
2025-03-19 21:46:23.4286 DEBUG Connection id "0HNB792DP031M" is closed. The last processed stream ID was 15. 
2025-03-19 21:46:23.4286 DEBUG Connection id "0HNB792DP031M" sending FIN because: "The Socket transport's send loop completed gracefully." 
2025-03-19 21:46:23.4286 DEBUG The connection queue processing loop for 0HNB792DP031M completed. 
2025-03-19 21:46:23.4286 DEBUG Connection id "0HNB792DP031M" stopped. 
